1 1 1
1 2 2
1 5 3
1 13 4
1 6 5
1 9 6
1 14 7
1 5 8
1 9 9
1 10 10
1 10 11
1 10 12
1 10 13
1 10 14
1 9 15
1 9 16
1 14 17
1 10 18
1 13 19
1 15 20
2 2 1
2 2 2
2 6 3
2 9 4
2 6 5
2 7 6
2 10 7
2 9 8
2 10 9
2 13 10
2 12 11
2 13 12
2 14 13
2 13 14
2 16 15
3 4 1
3 4 2
3 4 3
3 4 4
3 4 5
3 7 6
3 4 7
3 4 8
3 4 9
3 4 10
3 12 11
3 4 12
3 4 13
3 4 14
3 4 15
3 12 16
3 4 17
3 39 18
3 4 19
3 4 20
3 39 21
3 4 22
3 4 23
3 4 24
3 4 25
3 4 26
3 4 27
3 32 28
3 39 29
3 4 30
3 4 31
3 4 32
3 39 33
3 9 34
3 42 35
3 4 36
3 42 37
3 44 38
4 3 1
4 21 2
4 4 3
4 4 4
4 21 5
4 21 6
4 21 7
4 21 8
4 21 9
4 21 10
4 21 11
4 21 12
4 21 13
4 21 14
4 8 15
4 21 16
4 21 17
4 21 18
4 21 19
4 21 20
4 4 21
4 21 22
4 21 23
4 22 24
4 21 25
4 21 26
4 21 27
4 24 28
4 21 29
4 26 30
4 28 31
4 21 32
4 29 33
5 1 1
5 2 2
5 3 3
5 2 4
5 20 5
5 6 6
5 6 7
5 6 8
5 24 9
5 11 10
5 15 11
5 11 12
5 14 13
5 6 14
5 17 15
5 6 16
5 6 17
5 6 18
5 6 19
5 6 20
5 6 21
5 6 22
5 25 23
6 8 1
6 0 2
6 8 3
6 8 4
6 2 5
6 8 6
6 1 7
6 8 8
6 2 9
6 8 10
6 8 11
6 10 12
6 8 13
6 11 14
6 10 15
6 10 16
6 14 17
6 8 18
6 8 19
6 16 20
7 2 1
7 10 2
7 10 3
7 10 4
7 10 5
7 10 6
7 10 7
7 9 8
7 10 9
7 10 10
7 11 11
8 17 1
8 12 2
8 17 3
8 5 4
8 5 5
8 17 6
8 17 7
8 9 8
8 5 9
8 17 10
8 9 11
8 9 12
8 5 13
8 9 14
8 17 15
8 17 16
8 17 17
8 9 18
8 17 19
8 15 20
8 18 21
9 3 1
9 3 2
9 3 3
9 3 4
9 3 5
9 3 6
9 3 7
10 16 1
10 18 2
10 18 3
10 13 4
10 9 5
10 12 6
10 12 7
10 18 8
10 11 9
10 13 10
10 4 11
10 18 12
10 7 13
10 18 14
10 18 15
10 3 16
10 18 17
10 18 18
10 17 19
10 16 20
10 18 21
10 18 22
10 18 23
10 25 24
10 18 25
10 18 26
10 18 27
10 18 28
10 18 29
10 18 30
10 16 31
10 32 32
10 18 33
10 33 34
11 3 1
11 5 2
11 5 3
11 5 4
11 8 5
12 1 1
12 1 2
12 1 3
12 1 4
12 21 5
12 1 6
12 1 7
12 5 8
12 1 9
12 1 10
12 1 11
12 1 12
12 1 13
12 1 14
12 1 15
12 1 16
12 1 17
12 1 18
12 22 19
13 16 1
13 16 2
13 16 3
13 16 4
13 16 5
13 16 6
13 16 7
13 11 8
13 20 9
13 3 10
13 16 11
13 16 12
13 16 13
13 15 14
13 26 15
13 16 16
13 17 17
13 17 18
13 16 19
13 16 20
13 19 21
13 20 22
13 16 23
13 22 24
13 16 25
13 27 26
13 16 27
13 27 28
13 16 29
13 27 30
13 26 31
13 28 32
14 71 1
14 56 2
14 56 3
14 34 4
14 56 5
14 34 6
14 62 7
14 30 8
14 21 9
14 56 10
14 12 11
14 27 12
14 56 13
14 56 14
14 52 15
14 34 16
14 56 17
14 56 18
14 46 19
14 56 20
14 19 21
14 21 22
14 56 23
14 56 24
14 34 25
14 24 26
14 25 27
14 71 28
14 56 29
14 52 30
14 56 31
14 56 32
14 56 33
14 30 34
14 21 35
14 32 36
14 56 37
14 34 38
14 21 39
14 56 40
14 56 41
14 62 42
14 46 43
14 0 44
14 56 45
14 34 46
14 56 47
14 43 48
14 56 49
14 46 50
14 46 51
14 62 52
14 48 53
14 62 54
14 50 55
14 62 56
14 52 57
14 62 58
14 54 59
14 21 60
14 34 61
14 56 62
14 56 63
14 25 64
14 56 65
14 56 66
14 52 67
14 56 68
14 71 69
14 69 70
14 68 71
14 39 72
14 71 73
14 62 74
14 56 75
14 46 76
14 56 77
14 34 78
14 74 79
14 21 80
14 39 81
14 77 82
14 56 83
14 56 84
14 80 85
15 2 1
15 2 2
15 5 3
15 5 4
15 5 5
15 5 6
15 5 7
15 5 8
15 5 9
15 9 10
16 32 1
16 2 2
16 23 3
16 24 4
16 5 5
16 17 6
16 23 7
16 32 8
16 29 9
16 29 10
16 24 11
16 43 12
16 11 13
16 24 14
16 23 15
16 14 16
16 14 17
16 17 18
16 29 19
16 24 20
16 44 21
16 24 22
16 24 23
16 23 24
16 24 25
16 17 26
16 29 27
16 29 28
16 24 29
16 32 30
16 23 31
16 31 32
16 17 33
16 24 34
16 36 35
16 29 36
16 24 37
16 31 38
16 24 39
16 17 40
16 38 41
16 24 42
16 24 43
16 24 44
16 38 45
16 44 46
16 44 47
16 29 48
16 24 49
16 48 50
17 16 1
17 16 2
17 16 3
17 16 4
17 16 5
17 19 6
17 9 7
17 8 8
17 10 9
17 16 10
17 14 11
17 16 12
17 16 13
17 19 14
17 19 15
17 21 16
17 21 17
17 22 18
18 26 1
18 9 2
18 14 3
18 51 4
18 26 5
18 46 6
18 72 7
18 32 8
18 72 9
18 26 10
18 36 11
18 26 12
18 26 13
18 51 14
18 46 15
18 59 16
18 74 17
18 26 18
18 39 19
18 27 20
18 4 21
18 26 22
18 39 23
18 32 24
18 36 25
18 34 26
18 36 27
18 72 28
18 72 29
18 75 30
18 36 31
18 14 32
18 72 33
18 26 34
18 26 35
18 26 36
18 40 37
18 46 38
18 26 39
18 26 40
18 14 41
18 53 42
18 26 43
18 26 44
18 57 45
18 32 46
18 39 47
18 26 48
18 56 49
18 57 50
18 26 51
18 59 52
18 74 53
18 4 54
18 53 55
18 63 56
18 26 57
18 39 58
18 66 59
18 46 60
18 40 61
18 26 62
18 14 63
18 26 64
18 71 65
18 46 66
18 59 67
18 74 68
18 36 69
18 59 70
18 74 71
18 75 72
18 76 73
18 77 74
18 78 75
19 33 1
19 2 2
19 33 3
19 6 4
19 33 5
19 33 6
19 33 7
19 33 8
19 11 9
19 33 10
19 33 11
19 14 12
19 33 13
19 33 14
19 33 15
19 36 16
19 33 17
19 0 18
19 2 19
19 33 20
19 33 21
19 33 22
19 29 23
19 33 24
19 33 25
19 33 26
19 33 27
19 33 28
19 33 29
19 33 30
19 37 31
20 20 1
20 20 2
20 20 3
20 28 4
20 20 5
20 20 6
20 8 7
20 20 8
20 20 9
20 20 10
20 11 11
20 10 12
20 20 13
20 20 14
20 20 15
20 20 16
20 25 17
20 20 18
20 0 19
20 20 20
20 20 21
20 20 22
20 20 23
20 22 24
20 20 25
20 25 26
20 20 27
20 22 28
20 30 29
21 25 1
21 25 2
21 4 3
21 6 4
21 25 5
21 25 6
21 25 7
21 11 8
21 37 9
21 15 10
21 25 11
21 25 12
21 25 13
21 18 14
21 18 15
21 18 16
21 18 17
21 23 18
21 22 19
21 25 20
21 25 21
21 25 22
21 27 23
21 28 24
21 27 25
21 25 26
21 23 27
21 25 28
21 32 29
21 18 30
21 27 31
21 25 32
21 37 33
21 25 34
21 39 35
21 40 36
22 6 1
22 6 2
22 6 3
22 6 4
22 6 5
22 6 6
22 6 7
22 6 8
22 6 9
22 6 10
22 6 11
22 6 12
22 6 13
22 6 14
22 6 15
22 6 16
22 6 17
22 24 18
23 1 1
23 2 2
23 1 3
23 4 4
23 2 5
23 2 6
23 34 7
23 2 8
23 39 9
23 0 10
23 2 11
23 2 12
23 2 13
23 1 14
23 2 15
23 2 16
23 2 17
23 17 18
23 2 19
23 18 20
23 11 21
23 22 22
23 39 23
23 8 24
23 25 25
23 1 26
23 11 27
23 0 28
23 39 29
23 2 30
23 0 31
23 2 32
23 22 33
23 11 34
23 2 35
23 31 36
23 2 37
23 34 38
23 2 39
23 37 40
23 2 41
23 39 42
23 40 43
24 26 1
24 26 2
24 26 3
24 1 4
24 1 5
24 1 6
24 26 7
24 1 8
24 2 9
24 4 10
24 1 11
24 23 12
24 8 13
24 26 14
24 26 15
24 1 16
24 26 17
24 26 18
24 26 19
24 8 20
24 11 21
24 26 22
24 7 23
24 23 24
24 26 25
24 24 26
24 7 27
24 26 28
24 26 29
24 26 30
24 12 31
24 26 32
24 23 33
24 26 34
24 16 35
24 23 36
24 20 37
24 26 38
24 29 39
25 6 1
25 6 2
25 6 3
25 6 4
25 6 5
25 6 6
25 6 7
25 6 8
25 6 9
25 6 10
25 6 11
25 6 12
25 6 13
25 6 14
25 6 15
25 6 16
25 6 17
25 6 18
25 6 19
25 22 20
26 24 1
26 24 2
26 24 3
26 24 4
26 24 5
26 24 6
26 24 7
26 24 8
26 24 9
26 24 10
26 15 11
26 24 12
26 24 13
26 24 14
26 24 15
26 24 16
26 24 17
26 24 18
26 24 19
26 24 20
26 24 21
26 24 22
26 24 23
26 24 24
26 24 25
26 20 26
26 20 27
26 26 28
27 21 1
27 1 2
27 1 3
27 15 4
27 15 5
27 32 6
27 5 7
27 15 8
27 15 9
27 1 10
27 47 11
27 15 12
27 19 13
27 26 14
27 19 15
27 12 16
27 15 17
27 15 18
27 15 19
27 30 20
27 34 21
27 15 22
27 19 23
27 15 24
27 15 25
27 47 26
27 41 27
27 26 28
27 32 29
27 15 30
27 15 31
27 28 32
27 10 33
27 30 34
27 1 35
27 19 36
27 57 37
27 19 38
27 15 39
27 34 40
27 15 41
27 38 42
27 49 43
27 15 44
27 1 45
27 15 46
27 41 47
27 19 48
27 54 49
27 44 50
27 19 51
27 55 52
27 49 53
27 15 54
27 15 55
27 15 56
27 15 57
27 30 58
27 26 59
27 12 60
27 53 61
27 54 62
27 12 63
27 55 64
27 19 65
27 19 66
27 57 67
27 59 68
27 15 69
27 37 70
27 61 71
27 62 72
28 26 1
28 26 2
28 4 3
28 26 4
28 22 5
28 26 6
28 7 7
28 24 8
28 9 9
28 10 10
28 26 11
28 26 12
28 26 13
28 14 14
28 26 15
28 7 16
28 16 17
28 7 18
28 4 19
28 26 20
28 26 21
28 26 22
28 26 23
28 26 24
28 26 25
28 23 26
28 23 27
28 22 28
28 21 29
28 23 30
28 24 31
28 27 32
29 1 1
29 23 2
29 9 3
29 9 4
29 9 5
29 9 6
29 11 7
29 9 8
29 9 9
29 24 10
29 17 11
29 9 12
29 1 13
29 17 14
29 17 15
29 17 16
29 5 17
29 9 18
29 27 19
29 5 20
29 9 21
29 9 22
29 5 23
29 23 24
29 9 25
29 9 26
29 9 27
29 24 28
29 9 29
29 30 30
30 39 1
30 31 2
30 36 3
30 36 4
30 31 5
30 6 6
30 31 7
30 37 8
30 39 9
30 55 10
30 36 11
30 31 12
30 36 13
30 31 14
30 31 15
30 31 16
30 31 17
30 31 18
30 31 19
30 36 20
30 19 21
30 39 22
30 31 23
30 1 24
30 24 25
30 44 26
30 36 27
30 31 28
30 31 29
30 53 30
30 31 31
30 59 32
30 45 33
30 31 34
30 37 35
30 36 36
30 31 37
30 31 38
30 31 39
30 44 40
30 31 41
30 31 42
30 31 43
30 31 44
30 31 45
30 31 46
30 31 47
30 16 48
30 36 49
30 51 50
30 37 51
30 31 52
30 31 53
30 39 54
30 58 55
30 59 56
31 19 1
31 22 2
31 26 3
31 7 4
31 8 5
31 4 6
31 10 7
31 26 8
31 4 9
31 23 10
31 26 11
31 26 12
31 26 13
31 27 14
31 26 15
31 26 16
31 12 17
31 26 18
31 26 19
31 26 20
31 26 21
31 26 22
31 26 23
31 26 24
31 26 25
31 5 26
31 15 27
31 26 28
31 26 29
31 0 30
31 26 31
31 26 32
31 26 33
31 33 34
31 34 35
31 26 36
31 26 37
31 12 38
31 39 39
31 26 40
31 40 41
32 12 1
32 12 2
32 12 3
32 12 4
32 12 5
32 12 6
32 12 7
32 12 8
32 12 9
32 12 10
32 12 11
32 12 12
32 12 13
32 12 14
32 12 15
32 12 16
32 12 17
32 14 18
33 3 1
33 3 2
33 3 3
33 2 4
33 3 5
33 3 6
33 3 7
33 6 8
33 6 9
33 3 10
33 3 11
33 8 12
34 27 1
34 15 2
34 27 3
34 27 4
34 8 5
34 27 6
34 24 7
34 8 8
34 27 9
34 7 10
34 17 11
34 27 12
34 27 13
34 27 14
34 23 15
34 15 16
34 27 17
34 27 18
34 27 19
34 27 20
34 27 21
34 27 22
34 12 23
34 24 24
34 27 25
34 27 26
34 27 27
34 27 28
34 0 29
34 28 30
35 1 1
35 1 2
35 5 3
35 5 4
35 1 5
35 1 6
35 7 7
35 8 8
36 14 1
36 14 2
36 14 3
36 14 4
36 1 5
36 1 6
36 1 7
36 5 8
36 5 9
36 14 10
36 16 11
36 14 12
36 1 13
36 14 14
36 1 15
36 14 16
36 14 17
36 13 18
36 14 19
36 14 20
36 17 21
36 14 22
36 16 23
36 14 24
36 14 25
36 16 26
36 22 27
36 14 28
36 14 29
36 14 30
36 14 31
36 14 32
36 14 33
36 14 34
36 14 35
36 28 36
37 73 1
37 73 2
37 73 3
37 2 4
37 2 5
37 57 6
37 73 7
37 48 8
37 48 9
37 48 10
37 60 11
37 9 12
37 73 13
37 73 14
37 30 15
37 13 16
37 73 17
37 14 18
37 57 19
37 73 20
37 73 21
37 20 22
37 30 23
37 20 24
37 27 25
37 41 26
37 21 27
37 73 28
37 22 29
37 48 30
37 73 31
37 48 32
37 25 33
37 26 34
37 27 35
37 73 36
37 73 37
37 31 38
37 73 39
37 73 40
37 27 41
37 41 42
37 48 43
37 35 44
37 57 45
37 73 46
37 44 47
37 73 48
37 57 49
37 57 50
37 73 51
37 57 52
37 72 53
37 72 54
37 73 55
37 73 56
37 73 57
37 73 58
37 73 59
37 20 60
37 41 61
37 73 62
37 57 63
37 31 64
37 41 65
37 52 66
37 73 67
37 68 68
37 73 69
37 73 70
37 41 71
37 73 72
37 57 73
37 44 74
37 61 75
37 27 76
37 61 77
37 48 78
37 30 79
37 73 80
37 60 81
37 73 82
37 57 83
37 73 84
37 73 85
37 73 86
37 68 87
37 79 88
37 73 89
37 78 90
37 72 91
37 71 92
37 72 93
37 72 94
37 73 95
37 20 96
37 41 97
37 73 98
37 80 99
38 8 1
38 8 2
38 8 3
38 8 4
38 8 5
38 8 6
38 8 7
38 9 8
39 15 1
39 9 2
39 9 3
39 13 4
39 3 5
39 9 6
39 13 7
39 13 8
39 9 9
39 9 10
39 9 11
39 9 12
39 9 13
39 15 14
40 13 1
40 13 2
40 13 3
40 13 4
40 13 5
40 13 6
40 13 7
40 13 8
40 13 9
40 13 10
40 13 11
40 13 12
40 13 13
40 13 14
40 13 15
40 13 16
40 13 17
40 13 18
40 14 19
41 16 1
41 16 2
41 16 3
41 16 4
41 16 5
41 16 6
41 16 7
41 16 8
41 16 9
41 16 10
41 16 11
41 16 12
41 16 13
41 16 14
41 16 15
41 16 16
41 16 17
41 11 18
41 7 19
41 11 20
41 16 21
41 16 22
41 17 23
42 40 1
42 40 2
42 40 3
42 40 4
42 39 5
42 40 6
42 40 7
42 40 8
42 30 9
42 40 10
42 19 11
42 40 12
42 40 13
42 13 14
42 40 15
42 40 16
42 40 17
42 40 18
42 40 19
42 12 20
42 13 21
42 40 22
42 40 23
42 17 24
42 40 25
42 20 26
42 40 27
42 40 28
42 40 29
42 40 30
42 40 31
42 40 32
42 40 33
42 40 34
42 30 35
42 40 36
42 40 37
42 40 38
42 40 39
42 40 40
42 40 41
42 40 42
42 40 43
42 40 44
42 40 45
42 40 46
42 40 47
42 40 48
42 40 49
42 40 50
42 40 51
42 40 52
42 40 53
42 41 54
43 14 1
43 14 2
43 5 3
43 14 4
43 14 5
43 7 6
43 7 7
43 10 8
43 20 9
43 14 10
43 13 11
43 14 12
43 20 13
43 14 14
43 14 15
43 7 16
43 14 17
43 20 18
43 20 19
43 14 20
43 14 21
43 14 22
43 23 23
43 20 24
43 7 25
43 27 26
43 20 27
43 29 28
43 30 29
44 2 1
44 15 2
44 15 3
44 15 4
44 15 5
44 15 6
44 8 7
44 7 8
44 8 9
44 5 10
44 15 11
44 5 12
44 15 13
44 11 14
44 15 15
44 15 16
44 18 17
45 10 1
45 10 2
45 6 3
45 10 4
45 10 5
45 6 6
45 18 7
45 10 8
45 18 9
45 10 10
45 14 11
45 10 12
45 10 13
45 10 14
45 10 15
45 10 16
45 22 17
46 10 1
46 10 2
46 10 3
46 10 4
46 10 5
46 10 6
46 10 7
46 10 8
46 10 9
46 10 10
46 10 11
46 10 12
46 10 13
47 10 1
47 10 2
47 3 3
47 5 4
47 7 5
47 7 6
47 7 7
47 7 8
47 7 9
47 10 10
47 12 11
47 13 12
48 38 1
48 2 2
48 38 3
48 38 4
48 30 5
48 10 6
48 38 7
48 38 8
48 38 9
48 10 10
48 38 11
48 38 12
48 38 13
48 38 14
48 38 15
48 18 16
48 38 17
48 38 18
48 30 19
48 37 20
48 38 21
48 38 22
48 24 23
48 38 24
48 10 25
48 38 26
48 38 27
48 38 28
48 38 29
48 38 30
48 10 31
48 38 32
48 38 33
48 38 34
48 38 35
48 37 36
48 38 37
48 38 38
48 39 39
49 25 1
49 25 2
49 25 3
49 25 4
49 25 5
49 25 6
49 25 7
49 25 8
49 25 9
49 25 10
49 25 11
49 25 12
49 25 13
49 21 14
49 25 15
49 25 16
49 25 17
49 25 18
49 25 19
49 25 20
49 25 21
49 25 22
49 25 23
49 7 24
49 25 25
49 25 26
49 25 27
49 25 28
49 25 29
49 26 30
50 1 1
50 1 2
50 2 3
50 22 4
50 5 5
50 5 6
50 6 7
50 5 8
50 10 9
50 9 10
50 11 11
50 5 12
50 2 13
50 15 14
50 15 15
50 16 16
50 18 17
50 17 18
50 5 19
50 15 20
50 5 21
50 22 22
50 4 23
50 28 24
50 28 25
50 5 26
50 31 27
51 2 1
51 2 2
51 2 3
51 2 4
51 2 5
51 2 6
51 2 7
51 2 8
51 11 9
51 4 10
51 2 11
51 9 12
51 3 13
51 2 14
51 9 15
51 2 16
51 6 17
51 2 18
51 2 19
51 14 20
52 12 1
52 2 2
52 26 3
52 26 4
52 26 5
52 18 6
52 12 7
52 26 8
52 9 9
52 26 10
52 26 11
52 26 12
52 26 13
52 26 14
52 12 15
52 13 16
52 26 17
52 26 18
52 8 19
52 26 20
52 8 21
52 26 22
52 20 23
52 19 24
52 29 25
52 26 26
52 26 27
52 28 28
52 26 29
52 26 30
52 9 31
52 26 32
52 0 33
52 26 34
52 26 35
52 26 36
52 30 37
53 16 1
53 16 2
53 16 3
53 16 4
53 16 5
53 16 6
53 16 7
53 16 8
53 16 9
53 16 10
53 16 11
53 16 12
53 16 13
53 16 14
53 16 15
53 16 16
53 16 17
53 16 18
53 16 19
53 17 20
54 7 1
54 2 2
54 11 3
54 7 4
54 7 5
54 11 6
54 7 7
54 7 8
54 14 9
54 7 10
54 7 11
54 7 12
54 7 13
54 10 14
54 7 15
54 7 16
54 7 17
54 7 18
54 19 19
55 6 1
55 1 2
55 6 3
55 6 4
55 6 5
55 6 6
55 6 7
55 6 8
55 6 9
55 6 10
55 6 11
55 6 12
55 6 13
55 6 14
55 6 15
55 6 16
55 12 17
56 1 1
56 2 2
56 2 3
56 5 4
57 20 1
57 4 2
57 1 3
57 2 4
57 4 5
57 20 6
57 7 7
57 17 8
57 20 9
57 35 10
57 20 11
57 20 12
57 20 13
57 20 14
57 16 15
57 20 16
57 45 17
57 20 18
57 17 19
57 20 20
57 20 21
57 35 22
57 20 23
57 25 24
57 25 25
57 20 26
57 43 27
57 20 28
57 35 29
57 30 30
57 20 31
57 20 32
57 20 33
57 2 34
57 20 35
57 20 36
57 20 37
57 20 38
57 40 39
57 35 40
57 20 41
57 35 42
57 20 43
57 35 44
57 45 45
57 45 46
57 46 47
58 20 1
58 20 2
58 20 3
58 22 4
58 8 5
58 8 6
58 7 7
58 19 8
58 20 9
58 20 10
58 14 11
58 20 12
58 14 13
58 20 14
58 16 15
58 37 16
58 20 17
58 20 18
58 22 19
58 8 20
58 22 21
58 23 22
58 20 23
58 1 24
58 20 25
58 20 26
58 20 27
58 8 28
58 20 29
58 29 30
58 20 31
58 32 32
58 20 33
58 34 34
58 37 35
58 37 36
58 36 37
58 38 38
59 4 1
59 4 2
59 4 3
59 4 4
59 4 5
59 4 6
59 4 7
59 4 8
59 4 9
59 4 10
59 10 11
60 22 1
60 7 2
60 7 3
60 22 4
60 22 5
60 22 6
60 15 7
60 10 8
60 22 9
60 7 10
60 22 11
60 22 12
60 22 13
60 22 14
60 22 15
60 22 16
60 22 17
60 6 18
60 17 19
60 6 20
60 22 21
60 22 22
60 20 23
60 6 24
60 22 25
60 22 26
60 22 27
60 22 28
60 22 29
60 23 30
60 22 31
60 25 32
61 13 1
61 13 2
61 13 3
61 13 4
61 13 5
61 13 6
61 13 7
61 13 8
61 13 9
61 10 10
61 13 11
61 13 12
61 13 13
61 13 14
61 4 15
61 13 16
61 13 17
61 13 18
61 13 19
61 15 20
62 46 1
62 10 2
62 36 3
62 1 4
62 2 5
62 4 6
62 26 7
62 10 8
62 10 9
62 36 10
62 10 11
62 10 12
62 5 13
62 10 14
62 36 15
62 15 16
62 10 17
62 10 18
62 10 19
62 10 20
62 21 21
62 10 22
62 16 23
62 16 24
62 25 25
62 26 26
62 26 27
62 16 28
62 10 29
62 31 30
62 46 31
62 34 32
62 36 33
62 36 34
62 10 35
62 39 36
62 10 37
62 11 38
62 10 39
62 36 40
62 10 41
62 46 42
62 10 43
62 10 44
62 10 45
62 47 46
63 3 1
63 4 2
63 4 3
63 4 4
63 4 5
63 4 6
63 4 7
63 4 8
63 4 9
63 4 10
63 7 11
63 7 12
63 7 13
63 9 14
64 20 1
64 20 2
64 20 3
64 20 4
64 17 5
64 20 6
64 20 7
64 20 8
64 20 9
64 15 10
64 4 11
64 20 12
64 20 13
64 27 14
64 20 15
64 20 16
64 20 17
64 18 18
64 20 19
64 17 20
64 20 21
64 21 22
64 20 23
64 20 24
64 20 25
64 20 26
64 20 27
64 28 28
65 9 1
65 9 2
65 9 3
65 9 4
65 9 5
65 9 6
65 11 7
65 9 8
65 9 9
65 9 10
65 9 11
65 9 12
65 6 13
65 9 14
65 30 15
65 9 16
65 9 17
65 9 18
65 9 19
65 9 20
65 9 21
65 21 22
65 9 23
65 9 24
65 9 25
65 9 26
65 26 27
65 9 28
65 30 29
65 9 30
65 31 31
66 8 1
66 5 2
66 25 3
66 5 4
66 5 5
66 5 6
66 5 7
66 23 8
66 5 9
66 8 10
66 5 11
66 5 12
66 5 13
66 12 14
66 11 15
66 5 16
66 5 17
66 14 18
66 5 19
66 19 20
66 28 21
66 5 22
66 5 23
66 5 24
66 25 25
66 5 26
66 5 27
66 23 28
66 5 29
66 25 30
66 5 31
66 8 32
66 5 33
66 5 34
66 8 35
66 33 36
66 34 37
67 9 1
67 4 2
67 4 3
67 4 4
67 5 5
67 4 6
67 4 7
67 7 8
67 7 9
67 10 10
67 4 11
67 14 12
67 4 13
67 15 14
68 46 1
68 51 2
68 6 3
68 51 4
68 51 5
68 36 6
68 51 7
68 36 8
68 11 9
68 45 10
68 13 11
68 4 12
68 51 13
68 51 14
68 51 15
68 18 16
68 36 17
68 51 18
68 4 19
68 51 20
68 51 21
68 51 22
68 51 23
68 51 24
68 36 25
68 51 26
68 51 27
68 51 28
68 4 29
68 51 30
68 51 31
68 51 32
68 51 33
68 51 34
68 45 35
68 51 36
68 51 37
68 51 38
68 36 39
68 51 40
68 51 41
68 51 42
68 51 43
68 58 44
69 11 1
69 14 2
69 11 3
69 11 4
69 12 5
69 11 6
69 11 7
69 11 8
69 17 9
69 11 10
69 11 11
69 12 12
69 11 13
69 17 14
69 11 15
69 23 16
69 11 17
69 17 18
69 23 19
69 23 20
69 12 21
69 11 22
69 11 23
69 11 24
69 14 25
69 11 26
69 11 27
69 11 28
69 11 29
69 11 30
69 11 31
69 27 32
70 12 1
70 4 2
70 4 3
70 24 4
70 24 5
70 7 6
70 7 7
70 24 8
70 9 9
70 8 10
70 24 11
70 24 12
70 24 13
70 24 14
70 18 15
70 15 16
70 24 17
70 24 18
70 24 19
70 20 20
70 18 21
70 24 22
70 24 23
70 24 24
70 24 25
70 12 26
70 24 27
70 27 28
70 24 29
70 25 30
70 24 31
70 24 32
70 29 33
70 24 34
70 18 35
70 24 36
70 24 37
70 33 38
71 8 1
71 9 2
71 9 3
71 6 4
71 9 5
71 9 6
71 9 7
71 8 8
71 9 9
71 16 10
71 17 11
72 40 1
72 3 2
72 3 3
72 64 4
72 2 5
72 40 6
72 3 7
72 3 8
72 40 9
72 7 10
72 40 11
72 45 12
72 45 13
72 45 14
72 40 15
72 48 16
72 48 17
72 40 18
72 40 19
72 3 20
72 40 21
72 45 22
72 29 23
72 21 24
72 21 25
72 19 26
72 48 27
72 40 28
72 40 29
72 48 30
72 45 31
72 63 32
72 40 33
72 36 34
72 3 35
72 45 36
72 40 37
72 40 38
72 40 39
72 52 40
72 40 41
72 40 42
72 48 43
72 35 44
72 36 45
72 37 46
72 40 47
72 2 48
72 40 49
72 40 50
72 40 51
72 43 52
72 48 53
72 45 54
72 2 55
72 40 56
72 45 57
72 48 58
72 3 59
72 40 60
72 40 61
72 55 62
72 56 63
72 48 64
72 59 65
72 48 66
72 45 67
72 63 68
72 40 69
72 64 70
73 37 1
73 37 2
73 49 3
73 37 4
73 37 5
73 37 6
73 7 7
73 37 8
73 37 9
73 49 10
73 37 11
73 37 12
73 0 13
73 37 14
73 37 15
73 49 16
73 56 17
73 37 18
73 42 19
73 37 20
73 24 21
73 37 22
73 49 23
73 73 24
73 37 25
73 42 26
73 37 27
73 31 28
73 37 29
73 1 30
73 34 31
73 60 32
73 45 33
73 37 34
73 37 35
73 40 36
73 42 37
73 0 38
73 56 39
73 37 40
73 37 41
73 37 42
73 46 43
73 37 44
73 47 45
73 24 46
73 47 47
73 37 48
73 24 49
73 37 50
73 62 51
73 31 52
73 37 53
73 37 54
73 49 55
73 37 56
73 37 57
73 37 58
73 56 59
73 37 60
73 1 61
73 59 62
73 60 63
73 1 64
73 63 65
73 37 66
73 37 67
73 49 68
73 47 69
73 67 70
73 37 71
73 60 72
73 37 73
73 49 74
73 37 75
73 45 76
73 37 77
73 73 78
73 74 79
74 7 1
74 7 2
74 7 3
74 5 4
74 7 5
74 7 6
74 7 7
74 7 8
74 22 9
74 7 10
74 12 11
74 7 12
74 7 13
74 7 14
74 7 15
74 7 16
74 7 17
74 7 18
74 7 19
74 19 20
74 7 21
74 12 22
74 7 23
74 23 24
75 35 1
75 27 2
75 2 3
75 19 4
75 27 5
75 27 6
75 19 7
75 17 8
75 27 9
75 2 10
75 27 11
75 27 12
75 27 13
75 19 14
75 27 15
75 27 16
75 19 17
75 27 18
75 27 19
75 27 20
75 27 21
75 19 22
75 27 23
75 27 24
75 16 25
75 19 26
75 27 27
75 2 28
75 35 29
75 20 30
75 27 31
75 19 32
75 27 33
75 27 34
75 27 35
75 27 36
75 27 37
75 19 38
75 27 39
75 27 40
75 2 41
75 35 42
75 35 43
75 35 44
75 36 45
76 12 1
76 12 2
76 12 3
76 12 4
76 12 5
76 12 6
76 12 7
77 19 1
77 12 2
77 19 3
77 2 4
77 2 5
77 17 6
77 19 7
77 19 8
77 4 9
77 4 10
77 19 11
77 9 12
77 8 13
77 19 14
77 25 15
77 19 16
77 19 17
77 19 18
77 19 19
77 19 20
77 19 21
77 19 22
77 19 23
77 19 24
77 19 25
77 19 26
77 19 27
77 21 28
77 19 29
77 19 30
77 19 31
77 19 32
77 19 33
77 9 34
77 19 35
77 25 36
77 17 37
77 19 38
77 19 39
77 30 40
77 19 41
77 25 42
77 19 43
77 19 44
77 33 45
78 7 1
78 5 2
78 7 3
78 7 4
78 7 5
78 7 6
78 7 7
78 7 8
78 9 9
79 34 1
79 40 2
79 40 3
79 40 4
79 40 5
79 40 6
79 40 7
79 40 8
79 10 9
79 40 10
79 34 11
79 40 12
79 2 13
79 2 14
79 2 15
79 26 16
79 40 17
79 40 18
79 1 19
79 21 20
79 40 21
79 40 22
79 40 23
79 40 24
79 40 25
79 40 26
79 40 27
79 40 28
79 40 29
79 1 30
79 40 31
79 40 32
79 40 33
79 42 34
80 29 1
80 25 2
80 25 3
80 25 4
80 25 5
80 25 6
80 5 7
80 25 8
80 16 9
80 25 10
80 9 11
80 12 12
80 25 13
80 25 14
80 34 15
80 25 16
80 25 17
80 9 18
80 21 19
80 35 20
80 25 21
80 25 22
80 25 23
80 25 24
80 35 25
80 9 26
80 25 27
80 25 28
80 29 29
80 10 30
80 25 31
80 9 32
80 4 33
80 25 34
80 25 35
80 36 36
81 7 1
81 0 2
81 7 3
81 2 4
81 7 5
81 7 6
81 7 7
81 14 8
81 7 9
81 7 10
81 14 11
81 3 12
81 7 13
81 14 14
81 7 15
81 18 16
82 2 1
82 8 2
82 5 3
82 2 4
82 8 5
82 8 6
82 8 7
82 8 8
82 8 9
82 11 10
83 19 1
83 19 2
83 19 3
83 19 4
83 19 5
83 5 6
83 19 7
83 11 8
83 19 9
83 19 10
83 19 11
83 19 12
83 19 13
83 13 14
83 19 15
83 19 16
83 19 17
83 19 18
83 19 19
83 19 20
83 19 21
83 19 22
83 19 23
83 19 24
83 19 25
83 21 26
83 19 27
83 19 28
83 19 29
83 19 30
83 22 31
83 19 32
83 20 33
83 19 34
83 19 35
83 25 36
84 23 1
84 7 2
84 30 3
84 30 4
84 29 5
84 9 6
84 32 7
84 24 8
84 0 9
84 15 10
84 23 11
84 30 12
84 24 13
84 15 14
84 17 15
84 24 16
84 32 17
84 2 18
84 24 19
84 24 20
84 30 21
84 24 22
84 40 23
84 24 24
84 24 25
84 30 26
84 25 27
84 24 28
84 0 29
84 29 30
84 25 31
84 24 32
84 24 33
84 32 34
84 29 35
84 24 36
84 24 37
84 24 38
84 24 39
84 30 40
84 32 41
84 41 42
84 37 43
84 42 44
85 17 1
85 17 2
85 17 3
85 17 4
85 17 5
85 17 6
85 17 7
85 17 8
85 17 9
85 17 10
85 17 11
85 17 12
85 17 13
85 17 14
85 17 15
85 17 16
85 6 17
85 17 18
85 17 19
85 17 20
85 17 21
85 17 22
85 17 23
85 17 24
85 19 25
86 54 1
86 32 2
86 54 3
86 32 4
86 54 5
86 32 6
86 32 7
86 54 8
86 32 9
86 32 10
86 5 11
86 32 12
86 32 13
86 15 14
86 14 15
86 32 16
86 32 17
86 34 18
86 12 19
86 32 20
86 32 21
86 32 22
86 32 23
86 15 24
86 24 25
86 32 26
86 54 27
86 54 28
86 19 29
86 20 30
86 54 31
86 22 32
86 32 33
86 32 34
86 15 35
86 14 36
86 32 37
86 32 38
86 55 39
86 29 40
86 49 41
86 53 42
86 32 43
86 32 44
86 32 45
86 32 46
86 2 47
86 34 48
86 34 49
86 32 50
86 32 51
86 32 52
86 2 53
86 42 54
86 54 55
86 32 56
86 15 57
86 54 58
86 32 59
86 54 60
86 45 61
86 49 62
86 15 63
86 53 64
86 32 65
86 32 66
86 32 67
86 55 68
87 20 1
87 20 2
87 20 3
87 20 4
87 21 5
87 20 6
87 20 7
87 20 8
87 20 9
87 20 10
87 4 11
87 8 12
87 20 13
87 20 14
87 20 15
87 20 16
87 20 17
87 20 18
87 20 19
87 20 20
87 21 21
87 20 22
87 25 23
88 3 1
88 3 2
88 3 3
88 3 4
88 4 5
88 3 6
88 3 7
88 3 8
88 3 9
88 3 10
88 3 11
88 7 12
88 3 13
88 3 14
88 3 15
88 3 16
88 3 17
88 3 18
88 3 19
88 3 20
88 3 21
88 3 22
88 18 23
89 34 1
89 34 2
89 34 3
89 34 4
89 25 5
89 34 6
89 34 7
89 34 8
89 12 9
89 34 10
89 34 11
89 12 12
89 34 13
89 34 14
89 34 15
89 38 16
89 12 17
89 12 18
89 12 19
89 25 20
89 34 21
89 38 22
89 34 23
89 12 24
89 34 25
89 12 26
89 34 27
89 34 28
89 34 29
89 12 30
89 34 31
89 34 32
89 38 33
89 34 34
89 12 35
89 34 36
89 34 37
89 38 38
89 34 39
89 12 40
89 34 41
90 11 1
90 11 2
90 4 3
90 3 4
90 5 5
90 11 6
90 11 7
90 11 8
90 11 9
90 11 10
90 14 11
90 11 12
90 16 13
90 15 14
90 11 15
90 17 16
91 12 1
91 2 2
91 12 3
91 12 4
91 5 5
91 12 6
91 12 7
91 7 8
91 12 9
91 12 10
91 44 11
91 12 12
91 12 13
91 12 14
91 12 15
91 12 16
91 44 17
91 12 18
91 12 19
91 32 20
91 12 21
91 28 22
91 21 23
91 29 24
91 12 25
91 12 26
91 42 27
91 16 28
91 12 29
91 12 30
91 42 31
91 12 32
91 41 33
91 42 34
91 42 35
91 12 36
91 12 37
91 12 38
91 12 39
91 47 40
92 19 1
92 6 2
92 6 3
92 13 4
92 6 5
92 25 6
92 6 7
92 19 8
92 6 9
92 6 10
92 19 11
92 6 12
92 8 13
92 6 14
92 6 15
92 6 16
92 10 17
92 9 18
92 19 19
92 12 20
92 19 21
92 6 22
92 19 23
92 6 24
92 6 25
92 8 26
92 9 27
92 6 28
92 6 29
92 26 30
93 14 1
93 13 2
93 13 3
93 13 4
93 13 5
93 13 6
93 13 7
93 13 8
93 13 9
93 13 10
93 13 11
93 13 12
93 13 13
93 13 14
93 13 15
93 14 16
94 25 1
94 25 2
94 9 3
94 13 4
94 25 5
94 12 6
94 25 7
94 18 8
94 25 9
94 25 10
94 12 11
94 25 12
94 36 13
94 20 14
94 25 15
94 25 16
94 45 17
94 21 18
94 25 19
94 18 20
94 25 21
94 25 22
94 18 23
94 32 24
94 12 25
94 25 26
94 0 27
94 25 28
94 12 29
94 25 30
94 25 31
94 25 32
94 25 33
94 21 34
94 25 35
94 18 36
94 25 37
94 25 38
94 44 39
94 45 40
95 2 1
95 2 2
95 4 3
95 2 4
95 2 5
95 2 6
95 2 7
95 2 8
95 6 9
95 2 10
95 2 11
95 2 12
95 2 13
95 2 14
95 12 15
95 14 16
96 5 1
96 5 2
96 7 3
96 5 4
96 5 5
96 4 6
96 5 7
96 5 8
96 5 9
96 5 10
96 12 11
96 5 12
96 2 13
96 5 14
96 5 15
96 10 16
96 5 17
96 16 18
96 17 19
97 14 1
97 9 2
97 19 3
97 10 4
97 5 5
97 5 6
97 2 7
97 9 8
97 11 9
97 11 10
97 19 11
97 14 12
97 19 13
97 19 14
97 11 15
97 19 16
97 0 17
97 19 18
97 14 19
97 19 20
97 16 21
97 19 22
97 20 23
98 1 1
98 4 2
98 4 3
98 1 4
98 4 5
98 9 6
98 7 7
98 9 8
98 13 9
98 10 10
98 12 11
98 13 12
98 4 13
98 14 14
99 1 1
99 9 2
99 7 3
99 32 4
99 10 5
99 32 6
99 32 7
99 9 8
99 9 9
99 29 10
99 13 11
99 14 12
99 15 13
99 9 14
99 9 15
99 9 16
99 9 17
99 32 18
99 18 19
99 18 20
99 23 21
99 9 22
99 23 23
99 9 24
99 29 25
99 9 26
99 32 27
99 33 28
99 33 29
99 9 30
99 32 31
99 32 32
99 9 33
99 18 34
99 34 35
100 18 1
100 16 2
100 8 3
100 13 4
100 8 5
100 8 6
100 2 7
100 18 8
100 8 9
100 8 10
100 8 11
100 5 12
100 5 13
100 8 14
100 8 15
100 10 16
100 9 17
100 12 18
100 8 19
100 19 20
101 10 1
101 7 2
101 7 3
101 14 4
101 7 5
101 14 6
101 7 7
101 7 8
101 7 9
101 7 10
101 7 11
101 10 12
101 7 13
101 7 14
101 15 15
102 16 1
102 16 2
102 16 3
102 16 4
102 24 5
102 16 6
102 24 7
102 24 8
102 16 9
102 16 10
102 25 11
102 16 12
102 16 13
102 16 14
102 16 15
102 16 16
102 16 17
102 16 18
102 16 19
102 16 20
102 16 21
102 16 22
102 19 23
102 26 24
102 16 25
102 30 26
102 28 27
102 16 28
102 16 29
102 16 30
102 32 31
103 14 1
103 14 2
103 3 3
103 1 4
103 25 5
103 14 6
103 3 7
103 14 8
103 14 9
103 14 10
103 14 11
103 14 12
103 11 13
103 14 14
103 25 15
103 14 16
103 14 17
103 14 18
103 14 19
103 16 20
103 14 21
103 15 22
103 18 23
103 19 24
103 14 25
103 22 26
103 14 27
103 14 28
103 14 29
103 14 30
103 14 31
103 26 32
104 2 1
104 2 2
104 23 3
104 18 4
104 23 5
104 23 6
104 45 7
104 23 8
104 23 9
104 23 10
104 39 11
104 23 12
104 23 13
104 23 14
104 23 15
104 23 16
104 3 17
104 23 18
104 18 19
104 23 20
104 23 21
104 44 22
104 19 23
104 44 24
104 23 25
104 23 26
104 23 27
104 45 28
104 28 29
104 23 30
104 23 31
104 23 32
104 2 33
104 31 34
104 23 35
104 23 36
104 23 37
104 37 38
104 6 39
104 23 40
104 37 41
104 18 42
104 44 43
104 23 44
104 23 45
104 23 46
104 44 47
104 23 48
104 37 49
104 3 50
104 23 51
104 23 52
104 23 53
104 23 54
104 46 55
104 23 56
104 47 57
105 14 1
105 9 2
105 19 3
105 12 4
105 19 5
105 2 6
105 9 7
105 9 8
105 8 9
105 9 10
105 9 11
105 7 12
105 10 13
105 12 14
105 12 15
105 12 16
105 14 17
105 12 18
105 16 19
105 16 20
105 19 21
105 19 22
105 9 23
105 19 24
105 20 25
105 19 26
105 9 27
105 19 28
105 19 29
105 24 30
105 19 31
105 25 32
105 19 33
105 19 34
105 9 35
105 28 36
105 29 37
106 9 1
106 2 2
106 9 3
106 9 4
106 3 5
106 10 6
106 9 7
106 9 8
106 9 9
106 9 10
106 10 11
107 14 1
107 16 2
107 2 3
107 14 4
107 14 5
107 14 6
107 16 7
107 30 8
107 14 9
107 14 10
107 12 11
107 14 12
107 8 13
107 30 14
107 14 15
107 14 16
107 14 17
107 8 18
107 14 19
107 14 20
107 21 21
107 14 22
107 14 23
107 14 24
107 30 25
107 26 26
107 14 27
107 30 28
107 14 29
107 14 30
107 14 31
107 14 32
107 29 33
108 2 1
108 2 2
108 17 3
108 6 4
108 6 5
108 5 6
108 12 7
108 2 8
108 13 9
108 12 10
108 13 11
108 16 12
108 15 13
108 16 14
108 17 15
108 13 16
108 13 17
108 20 18
109 7 1
109 13 2
109 28 3
109 13 4
109 6 5
109 13 6
109 11 7
109 12 8
109 13 9
109 11 10
109 52 11
109 12 12
109 0 13
109 13 14
109 13 15
109 31 16
109 44 17
109 11 18
109 22 19
109 23 20
109 44 21
109 27 22
109 27 23
109 27 24
109 20 25
109 13 26
109 6 27
109 13 28
109 13 29
109 7 30
109 53 31
109 13 32
109 13 33
109 28 34
109 32 35
109 33 36
109 13 37
109 20 38
109 31 39
109 13 40
109 11 41
109 41 42
109 41 43
109 43 44
109 44 45
109 44 46
109 44 47
109 43 48
109 52 49
109 13 50
109 11 51
109 20 52
109 51 53
109 23 54
109 53 55
110 15 1
110 15 2
110 15 3
110 19 4
110 15 5
110 15 6
110 7 7
110 9 8
110 9 9
110 16 10
110 16 11
110 15 12
110 15 13
110 15 14
110 15 15
110 15 16
110 15 17
110 15 18
110 15 19
110 15 20
110 15 21
110 21 22
110 10 23
110 15 24
110 9 25
110 15 26
110 15 27
110 29 28
110 15 29
110 15 30
110 15 31
110 15 32
110 15 33
110 15 34
110 29 35
111 2 1
111 14 2
111 13 3
111 13 4
111 13 5
111 13 6
111 5 7
111 9 8
111 14 9
111 14 10
111 13 11
111 15 12
112 3 1
112 29 2
112 29 3
112 29 4
112 6 5
112 26 6
112 30 7
112 29 8
112 23 9
112 29 10
112 7 11
112 12 12
112 29 13
112 29 14
112 22 15
112 4 16
112 29 17
112 22 18
112 26 19
112 29 20
112 19 21
112 29 22
112 12 23
112 16 24
112 16 25
112 29 26
112 26 27
112 19 28
112 12 29
112 21 30
112 31 31
113 3 1
113 13 2
113 15 3
113 6 4
113 6 5
113 6 6
113 8 7
113 14 8
113 13 9
113 15 10
113 13 11
113 13 12
113 13 13
113 14 14
113 13 15
113 20 16
113 13 17
113 13 18
113 24 19
113 24 20
113 24 21
113 14 22
113 13 23
113 13 24
113 13 25
113 13 26
113 32 27
114 7 1
114 14 2
114 7 3
114 3 4
114 3 5
114 3 6
114 7 7
114 7 8
114 7 9
114 7 10
114 9 11
114 7 12
114 7 13
114 7 14
114 7 15
114 13 16
114 5 17
114 14 18
114 14 19
114 16 20
114 16 21
114 17 22
115 20 1
115 20 2
115 20 3
115 20 4
115 20 5
115 20 6
115 8 7
115 20 8
115 19 9
115 14 10
115 23 11
115 20 12
115 20 13
115 20 14
115 20 15
115 20 16
115 20 17
115 20 18
115 20 19
115 20 20
115 20 21
115 20 22
115 20 23
115 20 24
115 31 25
115 32 26
116 2 1
116 30 2
116 24 3
116 30 4
116 30 5
116 20 6
116 12 7
116 29 8
116 29 9
116 10 10
116 10 11
116 10 12
116 13 13
116 14 14
116 16 15
116 17 16
116 26 17
116 5 18
116 20 19
116 14 20
116 20 21
116 20 22
116 20 23
116 30 24
116 20 25
116 20 26
116 20 27
116 20 28
116 30 29
116 20 30
116 29 31
116 29 32
116 31 33
117 45 1
117 55 2
117 55 3
117 22 4
117 55 5
117 12 6
117 37 7
117 55 8
117 17 9
117 5 10
117 55 11
117 55 12
117 40 13
117 55 14
117 55 15
117 55 16
117 22 17
117 55 18
117 56 19
117 30 20
117 37 21
117 55 22
117 55 23
117 55 24
117 56 25
117 55 26
117 22 27
117 55 28
117 35 29
117 35 30
117 40 31
117 55 32
117 55 33
117 37 34
117 18 35
117 55 36
117 55 37
117 55 38
117 55 39
117 40 40
117 35 41
117 46 42
117 55 43
117 32 44
117 55 45
117 40 46
117 22 47
117 55 48
117 56 49
117 55 50
117 55 51
117 55 52
117 40 53
117 37 54
117 55 55
117 62 56
118 16 1
118 3 2
118 16 3
118 16 4
118 5 5
118 5 6
118 3 7
118 16 8
118 8 9
118 16 10
118 16 11
118 16 12
118 16 13
118 16 14
118 16 15
118 16 16
118 5 17
118 16 18
118 12 19
118 16 20
118 21 21
118 22 22
119 15 1
119 15 2
119 15 3
119 15 4
119 6 5
119 6 6
119 8 7
119 15 8
119 15 9
119 15 10
119 18 11
119 15 12
119 15 13
119 15 14
119 15 15
119 15 16
119 6 17
119 21 18
119 15 19
119 22 20
120 3 1
120 39 2
120 39 3
120 39 4
120 2 5
120 2 6
120 39 7
120 17 8
120 39 9
120 9 10
120 39 11
120 39 12
120 39 13
120 39 14
120 39 15
120 39 16
120 39 17
120 39 18
120 39 19
120 39 20
120 39 21
120 2 22
120 39 23
120 41 24
120 25 25
120 39 26
120 27 27
120 29 28
120 39 29
120 39 30
120 31 31
120 39 32
120 34 33
120 39 34
120 22 35
120 36 36
120 39 37
120 39 38
120 39 39
120 39 40
120 39 41
120 39 42
120 41 43
120 39 44
120 39 45
120 47 46
121 35 1
121 40 2
121 10 3
121 35 4
121 40 5
121 3 6
121 35 7
121 10 8
121 35 9
121 10 10
121 40 11
121 35 12
121 28 13
121 35 14
121 35 15
121 10 16
121 3 17
121 28 18
121 35 19
121 16 20
121 35 21
121 35 22
121 20 23
121 10 24
121 8 25
121 35 26
121 35 27
121 35 28
121 35 29
121 35 30
121 29 31
121 35 32
121 30 33
121 31 34
121 0 35
121 35 36
121 35 37
121 35 38
121 35 39
121 39 40
121 28 41
121 35 42
121 35 43
121 35 44
121 35 45
121 35 46
121 40 47
121 43 48
122 7 1
122 7 2
122 3 3
122 7 4
122 7 5
122 7 6
122 47 7
122 60 8
122 16 9
122 3 10
122 19 11
122 53 12
122 7 13
122 7 14
122 7 15
122 56 16
122 7 17
122 25 18
122 7 19
122 7 20
122 36 21
122 30 22
122 7 23
122 5 24
122 7 25
122 7 26
122 3 27
122 40 28
122 40 29
122 7 30
122 7 31
122 7 32
122 7 33
122 7 34
122 32 35
122 47 36
122 40 37
122 7 38
122 21 39
122 3 40
122 7 41
122 56 42
122 7 43
122 7 44
122 5 45
122 61 46
122 59 47
122 7 48
122 5 49
122 7 50
122 7 51
122 7 52
122 47 53
122 40 54
122 61 55
122 60 56
122 62 57
123 14 1
123 6 2
123 14 3
123 14 4
123 12 5
123 14 6
123 6 7
123 14 8
123 25 9
123 14 10
123 30 11
123 25 12
123 12 13
123 14 14
123 14 15
123 14 16
123 14 17
123 14 18
123 17 19
123 17 20
123 14 21
123 25 22
123 14 23
123 30 24
123 14 25
123 14 26
123 25 27
123 29 28
123 30 29
123 14 30
123 31 31
124 4 1
124 3 2
124 8 3
124 8 4
124 8 5
124 6 6
124 8 7
124 35 8
124 24 9
124 35 10
124 13 11
124 8 12
124 13 13
124 13 14
124 8 15
124 8 16
124 8 17
124 8 18
124 28 19
124 3 20
124 8 21
124 35 22
124 8 23
124 24 24
124 24 25
124 8 26
124 8 27
124 24 28
124 8 29
124 8 30
124 8 31
124 8 32
124 8 33
124 13 34
124 28 35
124 33 36
124 13 37
124 35 38
124 8 39
124 36 40
125 1 1
125 43 2
125 43 3
125 43 4
125 5 5
125 43 6
125 43 7
125 43 8
125 43 9
125 15 10
125 43 11
125 22 12
125 43 13
125 43 14
125 17 15
125 18 16
125 43 17
125 43 18
125 20 19
125 43 20
125 28 21
125 43 22
125 43 23
125 13 24
125 43 25
125 43 26
125 37 27
125 25 28
125 25 29
125 37 30
125 43 31
125 43 32
125 43 33
125 28 34
125 28 35
125 43 36
125 43 37
125 43 38
125 43 39
125 43 40
125 34 41
125 43 42
125 43 43
125 43 44
125 43 45
125 38 46
125 37 47
125 43 48
125 43 49
125 41 50
125 43 51
125 44 52
125 43 53
125 43 54
125 43 55
125 36 56
125 43 57
125 48 58
126 4 1
126 4 2
126 4 3
126 4 4
126 10 5
126 8 6
126 10 7
126 10 8
126 4 9
126 4 10
126 4 11
126 4 12
126 4 13
126 4 14
126 4 15
126 4 16
126 4 17
126 4 18
126 4 19
126 4 20
126 19 21
127 56 1
127 56 2
127 27 3
127 46 4
127 56 5
127 8 6
127 10 7
127 11 8
127 13 9
127 56 10
127 56 11
127 12 12
127 40 13
127 56 14
127 56 15
127 24 16
127 56 17
127 56 18
127 56 19
127 55 20
127 56 21
127 46 22
127 25 23
127 56 24
127 24 25
127 56 26
127 26 27
127 56 28
127 46 29
127 31 30
127 56 31
127 56 32
127 27 33
127 56 34
127 56 35
127 56 36
127 46 37
127 27 38
127 56 39
127 56 40
127 27 41
127 27 42
127 56 43
127 56 44
127 46 45
127 56 46
127 46 47
127 26 48
127 56 49
127 46 50
127 56 51
127 56 52
127 56 53
127 46 54
127 45 55
127 55 56
127 56 57
127 49 58
127 46 59
127 56 60
127 8 61
127 56 62
127 56 63
127 55 64
127 56 65
127 56 66
127 58 67
127 56 68
127 60 69
128 10 1
128 14 2
128 34 3
128 7 4
128 13 5
128 18 6
128 10 7
128 14 8
128 34 9
128 7 10
128 7 11
128 18 12
128 7 13
128 16 14
128 43 15
128 44 16
128 7 17
128 21 18
128 7 19
128 36 20
128 22 21
128 26 22
128 33 23
128 40 24
128 31 25
128 31 26
128 23 27
128 7 28
128 33 29
128 33 30
128 7 31
128 44 32
128 22 33
128 34 34
128 7 35
128 22 36
128 39 37
128 40 38
128 44 39
128 44 40
128 41 41
128 39 42
128 44 43
128 44 44
128 43 45
128 45 46
129 11 1
129 2 2
129 21 3
129 43 4
129 42 5
129 25 6
129 42 7
129 42 8
129 14 9
129 6 10
129 14 11
129 6 12
129 25 13
129 42 14
129 13 15
129 12 16
129 42 17
129 42 18
129 42 19
129 25 20
129 42 21
129 15 22
129 14 23
129 42 24
129 42 25
129 6 26
129 42 27
129 23 28
129 32 29
129 42 30
129 6 31
129 42 32
129 42 33
129 42 34
129 42 35
129 21 36
129 7 37
129 42 38
129 42 39
129 42 40
129 42 41
129 25 42
129 32 43
129 42 44
129 42 45
129 42 46
129 42 47
129 43 48
130 2 1
130 7 2
130 2 3
130 3 4
130 2 5
130 7 6
130 2 7
130 2 8
130 7 9
130 2 10
130 12 11
130 11 12
130 14 13
130 15 14
130 2 15
130 15 16
130 19 17
130 20 18
131 6 1
131 6 2
131 6 3
131 6 4
131 6 5
131 6 6
131 7 7
131 7 8
131 8 9
132 12 1
132 12 2
132 12 3
132 12 4
132 12 5
132 4 6
132 12 7
132 12 8
132 10 9
132 12 10
132 12 11
132 12 12
132 12 13
132 12 14
132 12 15
132 12 16
132 12 17
132 12 18
132 12 19
132 19 20
133 9 1
133 33 2
133 33 3
133 33 4
133 33 5
133 11 6
133 26 7
133 33 8
133 27 9
133 9 10
133 33 11
133 31 12
133 33 13
133 33 14
133 33 15
133 33 16
133 33 17
133 33 18
133 27 19
133 33 20
133 33 21
133 6 22
133 33 23
133 33 24
133 33 25
133 33 26
133 33 27
133 33 28
133 6 29
133 33 30
133 33 31
133 6 32
133 33 33
133 33 34
133 37 35
133 33 36
133 33 37
133 33 38
133 33 39
133 38 40
134 15 1
134 15 2
134 15 3
134 15 4
134 15 5
134 15 6
134 2 7
134 15 8
134 17 9
134 15 10
134 15 11
134 15 12
134 15 13
134 12 14
134 15 15
134 15 16
134 15 17
134 15 18
134 16 19
134 15 20
134 15 21
134 15 22
134 15 23
134 15 24
134 21 25
135 1 1
135 37 2
135 39 3
135 37 4
135 37 5
135 37 6
135 37 7
135 37 8
135 37 9
135 37 10
135 16 11
135 37 12
135 37 13
135 37 14
135 37 15
135 37 16
135 22 17
135 37 18
135 33 19
135 19 20
135 21 21
135 19 22
135 22 23
135 37 24
135 37 25
135 39 26
135 37 27
135 37 28
135 36 29
135 39 30
135 37 31
135 31 32
135 33 33
135 39 34
135 37 35
135 37 36
135 36 37
135 37 38
135 37 39
135 37 40
135 14 41
135 38 42
135 31 43
135 37 44
135 37 45
135 33 46
136 6 1
136 6 2
136 15 3
136 15 4
136 15 5
136 8 6
136 8 7
136 3 8
136 10 9
136 15 10
136 0 11
136 15 12
136 15 13
136 15 14
136 15 15
136 15 16
136 17 17
137 21 1
137 25 2
137 25 3
137 25 4
137 25 5
137 25 6
137 14 7
137 9 8
137 25 9
137 25 10
137 21 11
137 48 12
137 25 13
137 17 14
137 19 15
137 25 16
137 25 17
137 25 18
137 25 19
137 25 20
137 21 21
137 25 22
137 23 23
137 25 24
137 25 25
137 25 26
137 17 27
137 0 28
137 25 29
137 37 30
137 25 31
137 13 32
137 25 33
137 48 34
137 13 35
137 29 36
137 51 37
137 52 38
137 25 39
137 25 40
137 25 41
137 25 42
137 25 43
137 25 44
137 25 45
137 25 46
137 25 47
137 25 48
137 52 49
138 10 1
138 10 2
138 4 3
138 4 4
138 4 5
138 4 6
138 36 7
138 39 8
138 10 9
138 22 10
138 8 11
138 10 12
138 10 13
138 10 14
138 10 15
138 10 16
138 10 17
138 10 18
138 17 19
138 17 20
138 4 21
138 0 22
138 19 23
138 10 24
138 10 25
138 19 26
138 8 27
138 10 28
138 10 29
138 39 30
138 25 31
138 17 32
138 10 33
138 28 34
138 33 35
138 17 36
138 10 37
138 36 38
138 36 39
138 10 40
138 10 41
138 40 42
139 17 1
139 17 2
139 17 3
139 17 4
139 2 5
139 17 6
139 5 7
139 17 8
139 17 9
139 17 10
139 14 11
139 17 12
139 17 13
139 17 14
139 17 15
139 17 16
139 17 17
139 17 18
139 17 19
139 17 20
139 17 21
139 17 22
139 17 23
139 18 24
140 5 1
140 5 2
140 1 3
140 5 4
140 6 5
140 5 6
140 6 7
140 5 8
140 7 9
141 20 1
141 20 2
141 20 3
141 11 4
141 12 5
141 20 6
141 20 7
141 20 8
141 20 9
141 20 10
141 20 11
141 20 12
141 20 13
141 20 14
141 20 15
141 20 16
141 20 17
141 20 18
141 20 19
141 20 20
141 22 21
142 21 1
142 21 2
142 21 3
142 21 4
142 14 5
142 21 6
142 21 7
142 21 8
142 14 9
142 21 10
142 21 11
142 21 12
142 21 13
142 21 14
142 17 15
142 21 16
142 8 17
142 21 18
142 21 19
142 21 20
142 21 21
142 21 22
142 21 23
142 21 24
142 3 25
142 17 26
142 21 27
142 21 28
142 21 29
142 21 30
142 22 31
143 3 1
143 23 2
143 23 3
143 23 4
143 36 5
143 23 6
143 23 7
143 23 8
143 18 9
143 22 10
143 23 11
143 23 12
143 23 13
143 23 14
143 23 15
143 22 16
143 23 17
143 23 18
143 21 19
143 23 20
143 23 21
143 23 22
143 23 23
143 36 24
143 23 25
143 30 26
143 23 27
143 23 28
143 23 29
143 23 30
143 23 31
143 23 32
143 23 33
143 40 34
144 56 1
144 78 2
144 78 3
144 78 4
144 78 5
144 78 6
144 78 7
144 78 8
144 78 9
144 13 10
144 79 11
144 3 12
144 17 13
144 13 14
144 16 15
144 17 16
144 78 17
144 13 18
144 21 19
144 78 20
144 23 21
144 26 22
144 8 23
144 78 24
144 3 25
144 78 26
144 78 27
144 32 28
144 78 29
144 78 30
144 78 31
144 72 32
144 72 33
144 78 34
144 78 35
144 78 36
144 78 37
144 78 38
144 51 39
144 78 40
144 13 41
144 78 42
144 78 43
144 78 44
144 51 45
144 78 46
144 13 47
144 13 48
144 51 49
144 78 50
144 78 51
144 78 52
144 51 53
144 78 54
144 57 55
144 78 56
144 61 57
144 78 58
144 78 59
144 56 60
144 78 61
144 64 62
144 66 63
144 78 64
144 57 65
144 72 66
144 78 67
144 78 68
144 78 69
144 78 70
144 78 71
144 78 72
144 78 73
144 78 74
144 78 75
144 78 76
144 78 77
144 82 78
144 78 79
144 78 80
144 78 81
144 78 82
144 78 83
144 90 84
145 4 1
145 2 2
145 23 3
145 5 4
145 4 5
145 6 6
145 4 7
145 4 8
145 4 9
145 9 10
145 10 11
145 4 12
145 6 13
145 12 14
145 4 15
145 4 16
145 6 17
145 4 18
145 19 19
145 4 20
145 4 21
145 24 22
145 4 23
145 23 24
145 4 25
145 27 26
145 4 27
145 18 28
145 4 29
145 28 30
146 43 1
146 43 2
146 43 3
146 16 4
146 16 5
146 43 6
146 35 7
146 7 8
146 43 9
146 43 10
146 35 11
146 20 12
146 43 13
146 43 14
146 16 15
146 43 16
146 43 17
146 20 18
146 43 19
146 43 20
146 43 21
146 35 22
146 43 23
146 43 24
146 43 25
146 43 26
146 28 27
146 43 28
146 35 29
146 35 30
146 43 31
146 43 32
146 43 33
146 0 34
146 43 35
146 35 36
146 43 37
146 16 38
146 43 39
146 44 40
147 14 1
147 16 2
147 14 3
147 14 4
147 14 5
147 8 6
147 14 7
147 14 8
147 2 9
147 14 10
147 14 11
147 14 12
147 14 13
147 14 14
147 14 15
147 14 16
147 14 17
147 14 18
147 14 19
147 14 20
147 14 21
147 21 22
147 21 23
147 25 24
148 4 1
148 34 2
148 27 3
148 34 4
148 34 5
148 18 6
148 34 7
148 34 8
148 34 9
148 12 10
148 34 11
148 34 12
148 18 13
148 18 14
148 34 15
148 34 16
148 34 17
148 34 18
148 34 19
148 21 20
148 24 21
148 34 22
148 34 23
148 34 24
148 34 25
148 4 26
148 34 27
148 34 28
148 34 29
148 34 30
148 34 31
148 34 32
148 35 33
149 3 1
149 2 2
149 4 3
149 5 4
149 4 5
149 8 6
149 9 7
149 4 8
149 9 9
149 10 10
149 4 11
149 11 12
150 32 1
150 13 2
150 30 3
150 20 4
150 33 5
150 8 6
150 32 7
150 32 8
150 32 9
150 9 10
150 7 11
150 13 12
150 32 13
150 32 14
150 32 15
150 32 16
150 32 17
150 24 18
150 16 19
150 32 20
150 32 21
150 32 22
150 32 23
150 32 24
150 32 25
150 16 26
150 32 27
150 15 28
150 28 29
150 32 30
150 32 31
150 32 32
150 31 33
150 16 34
150 33 35
150 33 36
150 32 37
150 34 38
151 19 1
151 19 2
151 19 3
151 19 4
151 19 5
151 19 6
151 19 7
151 19 8
151 19 9
151 19 10
151 19 11
151 27 12
151 19 13
151 15 14
151 19 15
151 19 16
151 27 17
152 51 1
152 41 2
152 16 3
152 41 4
152 16 5
152 2 6
152 2 7
152 4 8
152 41 9
152 41 10
152 4 11
152 9 12
152 8 13
152 10 14
152 41 15
152 12 16
152 4 17
152 41 18
152 41 19
152 36 20
152 22 21
152 41 22
152 25 23
152 25 24
152 41 25
152 19 26
152 4 27
152 41 28
152 41 29
152 36 30
152 36 31
152 41 32
152 41 33
152 36 34
152 41 35
152 41 36
152 41 37
152 41 38
152 42 39
152 41 40
152 41 41
152 51 42
153 1 1
153 2 2
153 12 3
153 12 4
153 5 5
153 30 6
153 7 7
153 7 8
153 9 9
153 12 10
153 18 11
153 12 12
153 25 13
153 12 14
153 12 15
153 12 16
153 12 17
153 12 18
153 22 19
153 21 20
153 7 21
153 30 22
153 26 23
153 31 24
153 12 25
153 25 26
153 25 27
153 28 28
153 15 29
153 12 30
153 30 31
153 12 32
153 12 33
153 12 34
153 35 35
153 12 36
153 36 37
154 1 1
154 18 2
154 18 3
154 18 4
154 1 5
154 18 6
154 18 7
154 18 8
154 18 9
154 1 10
154 18 11
154 18 12
154 1 13
154 18 14
154 4 15
154 1 16
154 18 17
154 18 18
154 18 19
154 1 20
154 1 21
154 18 22
154 1 23
154 18 24
154 18 25
154 4 26
154 18 27
154 20 28
155 17 1
155 17 2
155 12 3
155 17 4
155 26 5
155 17 6
155 17 7
155 17 8
155 2 9
155 17 10
155 17 11
155 14 12
155 17 13
155 26 14
155 17 15
155 12 16
155 17 17
155 17 18
155 17 19
155 17 20
155 17 21
155 17 22
155 17 23
155 19 24
155 17 25
155 17 26
155 17 27
155 22 28
155 17 29
155 17 30
155 17 31
155 27 32
156 1 1
156 10 2
156 29 3
156 39 4
156 10 5
156 3 6
156 4 7
156 18 8
156 39 9
156 39 10
156 10 11
156 21 12
156 39 13
156 10 14
156 10 15
156 4 16
156 39 17
156 39 18
156 18 19
156 16 20
156 39 21
156 39 22
156 39 23
156 39 24
156 21 25
156 21 26
156 23 27
156 39 28
156 39 29
156 39 30
156 39 31
156 39 32
156 29 33
156 28 34
156 40 35
156 39 36
156 39 37
156 4 38
156 39 39
156 39 40
156 38 41
156 39 42
156 39 43
156 4 44
156 39 45
156 39 46
156 40 47
157 8 1
157 3 2
157 8 3
157 5 4
157 8 5
157 8 6
157 8 7
157 8 8
157 10 9
158 25 1
158 3 2
158 3 3
158 25 4
158 25 5
158 25 6
158 25 7
158 16 8
158 25 9
158 25 10
158 25 11
158 48 12
158 46 13
158 16 14
158 29 15
158 25 16
158 48 17
158 25 18
158 20 19
158 25 20
158 25 21
158 46 22
158 20 23
158 25 24
158 25 25
158 46 26
158 25 27
158 21 28
158 48 29
158 25 30
158 25 31
158 25 32
158 29 33
158 25 34
158 25 35
158 46 36
158 43 37
158 35 38
158 43 39
158 25 40
158 46 41
158 46 42
158 25 43
158 25 44
158 48 45
158 25 46
158 43 47
158 46 48
158 25 49
158 47 50
158 46 51
158 25 52
158 46 53
158 46 54
158 16 55
158 50 56
158 51 57
159 33 1
159 2 2
159 33 3
159 10 4
159 10 5
159 27 6
159 33 7
159 8 8
159 33 9
159 34 10
159 33 11
159 2 12
159 8 13
159 33 14
159 18 15
159 18 16
159 18 17
159 16 18
159 54 19
159 10 20
159 21 21
159 21 22
159 8 23
159 16 24
159 33 25
159 34 26
159 8 27
159 42 28
159 33 29
159 30 30
159 33 31
159 33 32
159 33 33
159 37 34
159 42 35
159 33 36
159 42 37
159 42 38
159 33 39
159 33 40
159 33 41
159 33 42
159 33 43
159 21 44
159 52 45
159 50 46
159 33 47
159 58 48
160 27 1
160 26 2
160 26 3
160 26 4
160 20 5
160 26 6
160 5 7
160 27 8
160 4 9
160 15 10
160 7 11
160 26 12
160 30 13
160 10 14
160 26 15
160 26 16
160 11 17
160 26 18
160 26 19
160 26 20
160 21 21
160 26 22
160 15 23
160 27 24
160 26 25
160 4 26
160 26 27
160 21 28
160 21 29
160 23 30
160 26 31
160 26 32
160 26 33
160 21 34
160 26 35
160 27 36
160 26 37
160 26 38
160 26 39
160 30 40
160 14 41
160 26 42
160 11 43
160 11 44
160 26 45
160 38 46
160 37 47
160 39 48
161 3 1
161 27 2
161 27 3
161 15 4
161 27 5
161 8 6
161 27 7
161 25 8
161 13 9
161 15 10
161 16 11
161 27 12
161 20 13
161 19 14
161 18 15
161 20 16
161 22 17
161 21 18
161 22 19
161 25 20
161 15 21
161 24 22
161 27 23
161 27 24
161 15 25
161 27 26
161 3 27
161 27 28
161 28 29
162 43 1
162 43 2
162 5 3
162 44 4
162 25 5
162 5 6
162 43 7
162 3 8
162 49 9
162 43 10
162 43 11
162 50 12
162 44 13
162 12 14
162 13 15
162 10 16
162 43 17
162 43 18
162 49 19
162 17 20
162 44 21
162 17 22
162 43 23
162 44 24
162 22 25
162 43 26
162 43 27
162 43 28
162 49 29
162 28 30
162 43 31
162 43 32
162 43 33
162 12 34
162 24 35
162 50 36
162 43 37
162 50 38
162 50 39
162 50 40
162 43 41
162 5 42
162 35 43
162 25 44
162 44 45
162 44 46
162 37 47
162 43 48
162 44 49
162 44 50
162 41 51
162 42 52
162 43 53
162 43 54
162 43 55
162 49 56
162 46 57
162 43 58
162 49 59
162 50 60
162 43 61
162 44 62
162 50 63
162 43 64
162 50 65
162 50 66
163 8 1
163 4 2
163 8 3
163 6 4
163 7 5
163 8 6
163 8 7
163 11 8
164 11 1
164 11 2
164 11 3
164 9 4
164 11 5
164 11 6
164 11 7
164 11 8
164 11 9
164 10 10
164 11 11
164 11 12
164 11 13
164 11 14
164 15 15
165 8 1
165 20 2
165 20 3
165 20 4
165 20 5
165 20 6
165 25 7
165 12 8
165 20 9
165 20 10
165 20 11
165 20 12
165 20 13
165 20 14
165 20 15
165 20 16
165 20 17
165 22 18
165 20 19
165 20 20
165 20 21
165 20 22
165 25 23
165 20 24
165 20 25
165 20 26
165 20 27
165 20 28
165 29 29
166 8 1
166 2 2
166 2 3
166 2 4
166 8 5
166 8 6
166 7 7
166 7 8
166 2 9
166 2 10
166 2 11
166 10 12
166 9 13
166 8 14
166 5 15
166 2 16
166 17 17
166 17 18
166 14 19
166 18 20
167 0 1
167 16 2
167 27 3
167 27 4
167 13 5
167 7 6
167 21 7
167 9 8
167 10 9
167 12 10
167 27 11
167 17 12
167 27 13
167 16 14
167 18 15
167 18 16
167 27 17
167 27 18
167 27 19
167 27 20
167 27 21
167 27 22
167 27 23
167 27 24
167 18 25
167 27 26
167 28 27
168 13 1
168 13 2
168 13 3
168 13 4
168 13 5
168 9 6
168 13 7
168 13 8
168 13 9
168 13 10
168 13 11
168 13 12
168 13 13
168 8 14
168 13 15
168 13 16
168 13 17
168 13 18
168 17 19
169 20 1
169 20 2
169 8 3
169 20 4
169 20 5
169 11 6
169 20 7
169 20 8
169 20 9
169 20 10
169 20 11
169 20 12
169 20 13
169 20 14
169 20 15
169 20 16
169 20 17
169 20 18
169 20 19
169 21 20
170 10 1
170 49 2
170 49 3
170 50 4
170 31 5
170 49 6
170 49 7
170 49 8
170 49 9
170 10 10
170 49 11
170 49 12
170 31 13
170 49 14
170 11 15
170 49 16
170 18 17
170 50 18
170 31 19
170 17 20
170 37 21
170 49 22
170 1 23
170 49 24
170 49 25
170 49 26
170 28 27
170 49 28
170 27 29
170 49 30
170 50 31
170 31 32
170 31 33
170 49 34
170 49 35
170 50 36
170 49 37
170 50 38
170 50 39
170 48 40
170 31 41
170 28 42
170 49 43
170 45 44
170 44 45
170 31 46
170 3 47
170 47 48
170 49 49
170 50 50
170 51 51
171 5 1
171 5 2
171 5 3
171 8 4
171 5 5
171 5 6
171 5 7
171 5 8
171 3 9
171 5 10
171 5 11
171 5 12
171 5 13
171 5 14
171 9 15
172 5 1
172 5 2
172 5 3
172 5 4
172 5 5
172 5 6
172 5 7
172 5 8
172 5 9
172 5 10
172 5 11
172 11 12
173 2 1
173 2 2
173 2 3
173 2 4
173 2 5
173 14 6
173 2 7
173 2 8
173 2 9
173 2 10
173 2 11
173 15 12
173 2 13
173 2 14
173 2 15
173 11 16
173 2 17
173 2 18
173 2 19
173 2 20
173 2 21
173 2 22
173 20 23
174 24 1
174 24 2
174 17 3
174 24 4
174 7 5
174 8 6
174 24 7
174 24 8
174 24 9
174 13 10
174 24 11
174 13 12
174 25 13
174 24 14
174 24 15
174 13 16
174 24 17
174 24 18
174 13 19
174 24 20
174 24 21
174 24 22
174 13 23
174 24 24
174 24 25
174 24 26
174 24 27
174 24 28
174 24 29
174 13 30
174 24 31
174 0 32
174 24 33
174 0 34
175 16 1
175 11 2
175 2 3
175 3 4
175 7 5
175 8 6
175 9 7
175 16 8
175 16 9
175 16 10
175 16 11
175 11 12
175 6 13
175 16 14
175 16 15
175 18 16
176 3 1
176 17 2
176 17 3
176 17 4
176 17 5
176 17 6
176 17 7
176 17 8
176 17 9
176 17 10
176 10 11
176 17 12
176 17 13
176 17 14
176 8 15
176 17 16
176 17 17
176 17 18
176 18 19
177 30 1
177 6 2
177 6 3
177 6 4
177 6 5
177 6 6
177 6 7
177 26 8
177 6 9
177 6 10
177 6 11
177 6 12
177 4 13
177 6 14
177 26 15
177 4 16
177 4 17
177 6 18
177 6 19
177 6 20
177 6 21
177 6 22
177 6 23
177 6 24
177 6 25
177 6 26
177 6 27
177 26 28
177 6 29
177 6 30
177 31 31
178 17 1
178 7 2
178 7 3
178 16 4
178 7 5
178 7 6
178 7 7
178 7 8
178 7 9
178 7 10
178 7 11
178 7 12
178 12 13
178 12 14
178 7 15
178 12 16
178 7 17
178 7 18
178 7 19
178 7 20
178 7 21
178 7 22
178 19 23
178 17 24
178 20 25
178 7 26
178 7 27
178 7 28
178 17 29
178 7 30
178 19 31
178 7 32
178 24 33
179 11 1
179 11 2
179 16 3
179 11 4
179 11 5
179 16 6
179 11 7
179 11 8
179 11 9
179 11 10
179 11 11
179 11 12
179 11 13
179 11 14
179 11 15
179 3 16
179 16 17
179 11 18
179 17 19
179 11 20
179 11 21
179 11 22
179 11 23
179 11 24
179 11 25
179 11 26
179 11 27
179 26 28
180 13 1
180 2 2
180 13 3
180 38 4
180 38 5
180 38 6
180 38 7
180 38 8
180 38 9
180 38 10
180 15 11
180 34 12
180 12 13
180 13 14
180 14 15
180 20 16
180 15 17
180 38 18
180 38 19
180 38 20
180 38 21
180 35 22
180 13 23
180 38 24
180 20 25
180 38 26
180 18 27
180 38 28
180 38 29
180 38 30
180 38 31
180 19 32
180 38 33
180 38 34
180 35 35
180 38 36
180 38 37
180 38 38
180 19 39
180 34 40
180 31 41
180 38 42
180 38 43
180 38 44
180 38 45
180 39 46
181 8 1
181 8 2
181 8 3
181 9 4
181 8 5
181 8 6
181 8 7
181 4 8
181 8 9
181 10 10
182 10 1
182 10 2
182 2 3
182 10 4
182 10 5
182 10 6
182 10 7
182 10 8
182 10 9
182 10 10
182 10 11
182 10 12
182 10 13
182 10 14
182 10 15
182 10 16
182 10 17
182 20 18
183 23 1
183 2 2
183 7 3
183 23 4
183 7 5
183 4 6
183 7 7
183 7 8
183 25 9
183 12 10
183 10 11
183 23 12
183 13 13
183 13 14
183 15 15
183 23 16
183 13 17
183 23 18
183 17 19
183 18 20
183 26 21
183 7 22
183 23 23
183 23 24
183 26 25
184 30 1
184 43 2
184 43 3
184 50 4
184 5 5
184 6 6
184 7 7
184 37 8
184 43 9
184 35 10
184 13 11
184 43 12
184 35 13
184 20 14
184 43 15
184 43 16
184 17 17
184 43 18
184 5 19
184 22 20
184 25 21
184 25 22
184 5 23
184 30 24
184 35 25
184 5 26
184 0 27
184 35 28
184 43 29
184 43 30
184 31 31
184 50 32
184 30 33
184 5 34
184 37 35
184 5 36
184 30 37
184 39 38
184 5 39
184 13 40
184 43 41
184 39 42
184 43 43
184 43 44
184 43 45
184 50 46
184 46 47
184 30 48
184 35 49
184 20 50
184 12 51
184 50 52
184 43 53
184 48 54
184 52 55
184 20 56
184 43 57
184 12 58
184 43 59
184 33 60
184 43 61
184 55 62
185 11 1
185 11 2
185 11 3
185 11 4
185 11 5
185 11 6
185 11 7
185 6 8
185 11 9
185 11 10
185 11 11
185 11 12
185 11 13
185 11 14
185 11 15
185 11 16
185 11 17
185 11 18
185 11 19
185 11 20
185 18 21
186 16 1
186 9 2
186 9 3
186 9 4
186 9 5
186 9 6
186 9 7
186 9 8
186 9 9
186 9 10
186 9 11
186 9 12
186 9 13
186 9 14
186 9 15
186 9 16
186 16 17
187 5 1
187 20 2
187 20 3
187 20 4
187 20 5
187 3 6
187 17 7
187 5 8
187 6 9
187 20 10
187 20 11
187 8 12
187 10 13
187 12 14
187 0 15
187 5 16
187 20 17
187 14 18
187 16 19
187 20 20
187 6 21
187 20 22
187 20 23
187 20 24
187 21 25
188 3 1
188 3 2
188 3 3
188 6 4
188 6 5
188 6 6
188 18 7
188 6 8
188 9 9
188 3 10
188 6 11
188 12 12
188 19 13
188 15 14
188 6 15
188 6 16
188 6 17
188 6 18
188 6 19
188 18 20
188 20 21
188 6 22
188 19 23
188 22 24
188 23 25
188 24 26
189 12 1
189 2 2
189 3 3
189 65 4
189 19 5
189 65 6
189 7 7
189 65 8
189 12 9
189 65 10
189 51 11
189 62 12
189 34 13
189 65 14
189 51 15
189 19 16
189 19 17
189 65 18
189 22 19
189 65 20
189 31 21
189 25 22
189 30 23
189 51 24
189 65 25
189 51 26
189 65 27
189 62 28
189 65 29
189 51 30
189 65 31
189 45 32
189 65 33
189 28 34
189 51 35
189 38 36
189 37 37
189 30 38
189 65 39
189 25 40
189 25 41
189 62 42
189 30 43
189 51 44
189 46 45
189 45 46
189 51 47
189 12 48
189 48 49
189 65 50
189 30 51
189 65 52
189 0 53
189 48 54
189 65 55
189 54 56
189 55 57
189 51 58
189 62 59
189 12 60
189 65 61
189 30 62
189 48 63
189 12 64
189 62 65
189 30 66
189 61 67
189 64 68
189 65 69
189 65 70
189 66 71
190 12 1
190 12 2
190 1 3
190 12 4
190 9 5
190 12 6
190 12 7
190 12 8
190 12 9
190 12 10
190 12 11
190 12 12
190 12 13
190 12 14
190 13 15
191 5 1
191 26 2
191 26 3
191 26 4
191 5 5
191 26 6
191 26 7
191 26 8
191 23 9
191 26 10
191 26 11
191 12 12
191 26 13
191 26 14
191 14 15
191 23 16
191 26 17
191 12 18
191 26 19
191 26 20
191 26 21
191 26 22
191 18 23
191 8 24
191 26 25
191 26 26
191 26 27
191 26 28
191 26 29
191 26 30
191 26 31
191 26 32
191 26 33
191 26 34
191 26 35
191 15 36
191 23 37
191 26 38
191 26 39
191 26 40
191 26 41
191 38 42
192 11 1
192 4 2
192 11 3
192 4 4
192 4 5
192 4 6
192 11 7
192 4 8
192 4 9
192 11 10
192 11 11
192 12 12
193 11 1
193 11 2
193 2 3
193 11 4
193 11 5
193 11 6
193 11 7
193 11 8
193 11 9
193 11 10
193 11 11
193 11 12
193 12 13
194 3 1
194 10 2
194 10 3
194 8 4
194 26 5
194 10 6
194 10 7
194 3 8
194 10 9
194 10 10
194 10 11
194 32 12
194 10 13
194 17 14
194 10 15
194 10 16
194 32 17
194 10 18
194 10 19
194 10 20
194 3 21
194 20 22
194 10 23
194 32 24
194 3 25
194 10 26
194 3 27
194 10 28
194 10 29
194 10 30
194 10 31
194 3 32
194 33 33
194 3 34
194 10 35
194 10 36
194 10 37
194 10 38
194 34 39
195 15 1
195 15 2
195 15 3
195 15 4
195 15 5
195 15 6
195 15 7
195 15 8
195 15 9
195 15 10
195 15 11
195 15 12
195 15 13
195 15 14
195 15 15
195 15 16
195 16 17
196 7 1
196 7 2
196 7 3
196 7 4
196 7 5
196 7 6
196 7 7
196 7 8
196 9 9
197 5 1
197 5 2
197 5 3
197 5 4
197 5 5
197 5 6
197 5 7
197 6 8
198 46 1
198 2 2
198 46 3
198 46 4
198 7 5
198 46 6
198 21 7
198 4 8
198 5 9
198 46 10
198 9 11
198 46 12
198 11 13
198 46 14
198 46 15
198 46 16
198 46 17
198 46 18
198 46 19
198 46 20
198 46 21
198 46 22
198 21 23
198 46 24
198 46 25
198 46 26
198 22 27
198 9 28
198 46 29
198 46 30
198 26 31
198 46 32
198 46 33
198 21 34
198 46 35
198 2 36
198 46 37
198 46 38
198 5 39
198 33 40
198 46 41
198 46 42
198 46 43
198 5 44
198 3 45
198 46 46
198 46 47
198 28 48
198 46 49
198 21 50
198 46 51
198 46 52
198 46 53
198 46 54
198 47 55
199 1 1
199 1 2
199 1 3
199 20 4
199 3 5
199 5 6
199 3 7
199 3 8
199 3 9
199 3 10
199 9 11
199 3 12
199 10 13
199 1 14
199 3 15
199 13 16
199 14 17
199 3 18
199 15 19
199 10 20
199 3 21
199 17 22
199 3 23
199 3 24
199 13 25
199 23 26
199 3 27
199 24 28
200 2 1
200 25 2
200 25 3
200 25 4
200 25 5
200 25 6
200 25 7
200 25 8
200 25 9
200 25 10
200 0 11
200 23 12
200 25 13
200 25 14
200 25 15
200 23 16
200 17 17
200 25 18
200 25 19
200 9 20
200 25 21
200 32 22
200 25 23
200 25 24
200 25 25
200 25 26
200 25 27
200 25 28
200 27 29
200 2 30
200 32 31
200 25 32
200 25 33
200 23 34
200 25 35
200 25 36
200 25 37
200 9 38
200 25 39
200 25 40
200 25 41
200 25 42
200 25 43
200 25 44
200 32 45
200 25 46
200 25 47
200 43 48
200 25 49
200 45 50
